<?xml version="1.0" encoding="UTF-8"?>
<!-- Generated by org.testng.reporters.JUnitXMLReporter -->
<testsuite ignored="0" hostname="DESKTOP-0G6PE79" failures="0" tests="3" name="ChromeTest" time="7.951" errors="0" timestamp="2024-11-17T10:52:30 IST">
  <testcase classname="AutomationFramework.HomePageValidation" name="links" time="4.124"/>
  <testcase classname="AutomationFramework.HomePageValidation" name="newTab" time="0.121"/>
  <testcase classname="AutomationFramework.HomePageValidation" name="verifyWindowTitle" time="1.394"/>
</testsuite> <!-- ChromeTest -->
