<?xml version="1.0" encoding="UTF-8"?>
<!-- Generated by org.testng.reporters.JUnitXMLReporter -->
<testsuite ignored="0" hostname="DESKTOP-0G6PE79" failures="0" tests="3" name="Test" time="7.836" errors="0" timestamp="2024-11-12T16:46:07 IST">
  <testcase classname="AutomationFramework.HomePageValidation" name="links" time="0.135"/>
  <testcase classname="AutomationFramework.HomePageValidation" name="newTab" time="0.243"/>
  <testcase classname="AutomationFramework.HomePageValidation" name="verifyWindowTitle" time="0.601"/>
</testsuite> <!-- Test -->
