<?xml version="1.0" encoding="UTF-8"?>
<!-- Generated by org.testng.reporters.JUnitXMLReporter -->
<testsuite ignored="0" hostname="DESKTOP-0G6PE79" failures="0" tests="3" name="ChromeTest" time="6.271" errors="0" timestamp="2024-11-16T22:09:12 IST">
  <testcase classname="AutomationFramework.HomePageValidation" name="links" time="4.042"/>
  <testcase classname="AutomationFramework.HomePageValidation" name="newTab" time="0.145"/>
  <testcase classname="AutomationFramework.HomePageValidation" name="verifyWindowTitle" time="0.368"/>
</testsuite> <!-- ChromeTest -->
